<?xml version="1.0" encoding="UTF-8"?>
<testng-results skipped="0" failed="0" total="5" passed="5">
  <reporter-output>
  </reporter-output>
  <suite name="Default suite" duration-ms="27" started-at="2020-11-10T17:35:03Z" finished-at="2020-11-10T17:35:03Z">
    <groups>
    </groups>
    <test name="Default test" duration-ms="27" started-at="2020-11-10T17:35:03Z" finished-at="2020-11-10T17:35:03Z">
      <class name="parameterize.ParamTestDataProvider">
        <test-method status="PASS" signature="initialize()[pri:0, instance:parameterize.ParamTestDataProvider@153f5a29]" name="initialize" is-config="true" duration-ms="3" started-at="2020-11-10T12:35:03Z" finished-at="2020-11-10T12:35:03Z">
          <reporter-output>
          </reporter-output>
        </test-method> <!-- initialize -->
        <test-method status="PASS" signature="testPrimeNumberChecker(java.lang.Integer, java.lang.Boolean)[pri:0, instance:parameterize.ParamTestDataProvider@153f5a29]" name="testPrimeNumberChecker" duration-ms="5" started-at="2020-11-10T12:35:03Z" data-provider="test1" finished-at="2020-11-10T12:35:03Z">
          <params>
            <param index="0">
              <value>
                <![CDATA[2]]>
              </value>
            </param>
            <param index="1">
              <value>
                <![CDATA[true]]>
              </value>
            </param>
          </params>
          <reporter-output>
          </reporter-output>
        </test-method> <!-- testPrimeNumberChecker -->
        <test-method status="PASS" signature="testPrimeNumberChecker(java.lang.Integer, java.lang.Boolean)[pri:0, instance:parameterize.ParamTestDataProvider@153f5a29]" name="testPrimeNumberChecker" duration-ms="1" started-at="2020-11-10T12:35:03Z" data-provider="test1" finished-at="2020-11-10T12:35:03Z">
          <params>
            <param index="0">
              <value>
                <![CDATA[6]]>
              </value>
            </param>
            <param index="1">
              <value>
                <![CDATA[false]]>
              </value>
            </param>
          </params>
          <reporter-output>
          </reporter-output>
        </test-method> <!-- testPrimeNumberChecker -->
        <test-method status="PASS" signature="initialize()[pri:0, instance:parameterize.ParamTestDataProvider@153f5a29]" name="initialize" is-config="true" duration-ms="0" started-at="2020-11-10T12:35:03Z" finished-at="2020-11-10T12:35:03Z">
          <reporter-output>
          </reporter-output>
        </test-method> <!-- initialize -->
        <test-method status="PASS" signature="testPrimeNumberChecker(java.lang.Integer, java.lang.Boolean)[pri:0, instance:parameterize.ParamTestDataProvider@153f5a29]" name="testPrimeNumberChecker" duration-ms="0" started-at="2020-11-10T12:35:03Z" data-provider="test1" finished-at="2020-11-10T12:35:03Z">
          <params>
            <param index="0">
              <value>
                <![CDATA[19]]>
              </value>
            </param>
            <param index="1">
              <value>
                <![CDATA[true]]>
              </value>
            </param>
          </params>
          <reporter-output>
          </reporter-output>
        </test-method> <!-- testPrimeNumberChecker -->
        <test-method status="PASS" signature="initialize()[pri:0, instance:parameterize.ParamTestDataProvider@153f5a29]" name="initialize" is-config="true" duration-ms="0" started-at="2020-11-10T12:35:03Z" finished-at="2020-11-10T12:35:03Z">
          <reporter-output>
          </reporter-output>
        </test-method> <!-- initialize -->
        <test-method status="PASS" signature="testPrimeNumberChecker(java.lang.Integer, java.lang.Boolean)[pri:0, instance:parameterize.ParamTestDataProvider@153f5a29]" name="testPrimeNumberChecker" duration-ms="1" started-at="2020-11-10T12:35:03Z" data-provider="test1" finished-at="2020-11-10T12:35:03Z">
          <params>
            <param index="0">
              <value>
                <![CDATA[22]]>
              </value>
            </param>
            <param index="1">
              <value>
                <![CDATA[false]]>
              </value>
            </param>
          </params>
          <reporter-output>
          </reporter-output>
        </test-method> <!-- testPrimeNumberChecker -->
        <test-method status="PASS" signature="initialize()[pri:0, instance:parameterize.ParamTestDataProvider@153f5a29]" name="initialize" is-config="true" duration-ms="0" started-at="2020-11-10T12:35:03Z" finished-at="2020-11-10T12:35:03Z">
          <reporter-output>
          </reporter-output>
        </test-method> <!-- initialize -->
        <test-method status="PASS" signature="initialize()[pri:0, instance:parameterize.ParamTestDataProvider@153f5a29]" name="initialize" is-config="true" duration-ms="0" started-at="2020-11-10T12:35:03Z" finished-at="2020-11-10T12:35:03Z">
          <reporter-output>
          </reporter-output>
        </test-method> <!-- initialize -->
        <test-method status="PASS" signature="testPrimeNumberChecker(java.lang.Integer, java.lang.Boolean)[pri:0, instance:parameterize.ParamTestDataProvider@153f5a29]" name="testPrimeNumberChecker" duration-ms="1" started-at="2020-11-10T12:35:03Z" data-provider="test1" finished-at="2020-11-10T12:35:03Z">
          <params>
            <param index="0">
              <value>
                <![CDATA[23]]>
              </value>
            </param>
            <param index="1">
              <value>
                <![CDATA[true]]>
              </value>
            </param>
          </params>
          <reporter-output>
          </reporter-output>
        </test-method> <!-- testPrimeNumberChecker -->
      </class> <!-- parameterize.ParamTestDataProvider -->
    </test> <!-- Default test -->
  </suite> <!-- Default suite -->
</testng-results>
